<?xml version="1.0" encoding="UTF-8"?>
<!-- Generated by org.testng.reporters.JUnitXMLReporter -->
<testsuite ignored="0" hostname="DESKTOP-GO6GOPM" failures="0" tests="3" name="chrome" time="21.869" errors="0" timestamp="2023-01-11T14:05:17 IST">
  <testcase classname="Admin_Module.AddClassroom_POMTest1" name="executeConfig" time="8.421"/>
  <testcase classname="Admin_Module.AddClassroom_POMTest1" name="testSample1" time="0.003"/>
  <testcase classname="Admin_Module.AddClassroom_POMTest1" name="testSample2" time="0.001"/>
</testsuite> <!-- chrome -->
