<?xml version="1.0" encoding="UTF-8"?>
<testng-results ignored="0" total="2" passed="2" failed="0" skipped="0">
  <reporter-output>
  </reporter-output>
  <suite started-at="2023-01-16T16:31:58 IST" name="Default suite" finished-at="2023-01-16T16:31:58 IST" duration-ms="103">
    <groups>
      <group name="regression">
        <method signature="SampleTestNgTest_1.test2()[pri:0, instance:Practice_Package.SampleTestNgTest_1@37654521]" name="test2" class="Practice_Package.SampleTestNgTest_1"/>
      </group> <!-- regression -->
      <group name="smoke">
        <method signature="SampleTestNgTest_1.test1()[pri:0, instance:Practice_Package.SampleTestNgTest_1@37654521]" name="test1" class="Practice_Package.SampleTestNgTest_1"/>
        <method signature="SampleTestNgTest_1.test2()[pri:0, instance:Practice_Package.SampleTestNgTest_1@37654521]" name="test2" class="Practice_Package.SampleTestNgTest_1"/>
      </group> <!-- smoke -->
    </groups>
    <test started-at="2023-01-16T16:31:58 IST" name="Default test" finished-at="2023-01-16T16:31:58 IST" duration-ms="103">
      <class name="Practice_Package.SampleTestNgTest_1">
        <test-method signature="test1()[pri:0, instance:Practice_Package.SampleTestNgTest_1@37654521]" started-at="2023-01-16T16:31:58 IST" name="test1" finished-at="2023-01-16T16:31:58 IST" duration-ms="16" status="PASS">
          <reporter-output>
          </reporter-output>
        </test-method> <!-- test1 -->
        <test-method signature="test2()[pri:0, instance:Practice_Package.SampleTestNgTest_1@37654521]" started-at="2023-01-16T16:31:58 IST" name="test2" finished-at="2023-01-16T16:31:58 IST" duration-ms="2" status="PASS">
          <reporter-output>
          </reporter-output>
        </test-method> <!-- test2 -->
      </class> <!-- Practice_Package.SampleTestNgTest_1 -->
    </test> <!-- Default test -->
  </suite> <!-- Default suite -->
</testng-results>
